2024-12-08 17:29:06.731 [main] INFO  presentation_layer.RMIclient - Client Running...
2024-12-12 09:26:44.542 [main] INFO  presentation_layer.RMIclient - Client Running...
2024-12-12 09:26:56.283 [AWT-EventQueue-0] WARN  presentation_layer.HomePage - Please select a file to open.
2024-12-12 09:27:07.878 [main] INFO  presentation_layer.RMIclient - Client Running...
2024-12-12 09:27:28.093 [AWT-EventQueue-0] INFO  presentation_layer.TextEditorPage - You can now edit the text.Editing Enabled
2024-12-12 09:28:26.633 [AWT-EventQueue-0] INFO  presentation_layer.TextEditorPage - Lemmatization result saved successfully.", "Success
2024-12-12 09:45:16.400 [main] INFO  presentation_layer.RMIclient - Client Running...
2024-12-12 09:45:21.587 [AWT-EventQueue-0] WARN  presentation_layer.HomePage - Please select a file to open.
2024-12-12 09:45:32.893 [Thread-2] INFO  presentation_layer.TextEditorPage -  Displaying Word Count Analysis.......
2024-12-12 09:45:46.784 [Thread-3] INFO  presentation_layer.TextEditorPage - Lemmatization result saved successfully.", "Success
2024-12-12 09:46:01.895 [main] INFO  presentation_layer.RMIclient - Client Running...
2024-12-12 09:46:10.097 [Thread-0] INFO  presentation_layer.TextEditorPage - Lemmatization result saved successfully.", "Success
2024-12-12 09:46:16.159 [AWT-EventQueue-0] INFO  presentation_layer.TextEditorPage - You can now edit the text.Editing Enabled
2024-12-12 09:46:58.842 [Thread-2] INFO  presentation_layer.TextEditorPage - Lemmatization result saved successfully.", "Success
2024-12-12 09:47:17.263 [Thread-8] INFO  presentation_layer.TextEditorPage -  Displaying Word Count Analysis.......
2024-12-12 11:54:56.730 [main] WARN  presentation_layer.RMIclient - Exception
2024-12-30 13:27:44.595 [main] INFO  presentation_layer.RMIclient - Client Running...
2024-12-30 13:29:53.721 [main] INFO  presentation_layer.RMIclient - Client Running...
2024-12-30 13:31:52.712 [main] INFO  presentation_layer.RMIclient - Client Running...
2024-12-30 13:32:26.071 [main] INFO  presentation_layer.RMIclient - Client Running...
2025-03-13 19:53:48.234 [main] INFO  presentation_layer.RMIclient - Client Running...
2025-03-13 19:54:00.984 [AWT-EventQueue-0] WARN  presentation_layer.HomePage - Please select a file to open.
2025-03-13 19:54:15.197 [AWT-EventQueue-0] INFO  presentation_layer.TextEditorPage - You can now edit the text.Editing Enabled
